# JRE version: OpenJDK Runtime Environment Temurin-17.0.4.1+1 (17.0.4.1+1) (build 17.0.4.1+1)
# Java VM: OpenJDK 64-Bit Server VM Temurin-17.0.4.1+1 (17.0.4.1+1, mixed mode, tiered, compressed oops, compressed class ptrs, parallel gc, windows-amd64)
GC Precious Log:
 CPUs: 4 total, 4 available
 Memory: 24442M
 Large Page Support: Disabled
 NUMA Support: Disabled
 Compressed Oops: Enabled (32-bit)
 Alignments: Space 512K, Generation 512K, Heap 2M
 Heap Min Capacity: 100M
 Heap Initial Capacity: 100M
 Heap Max Capacity: 1G
 Pre-touch: Disabled
 Parallel Workers: 4
Heap:
 PSYoungGen      total 16896K, used 954K [0x00000000eab00000, 0x00000000ebd80000, 0x0000000100000000)
  eden space 15872K, 0% used [0x00000000eab00000,0x00000000eab00000,0x00000000eba80000)
  from space 1024K, 93% used [0x00000000eba80000,0x00000000ebb6e900,0x00000000ebb80000)
  to   space 1536K, 0% used [0x00000000ebc00000,0x00000000ebc00000,0x00000000ebd80000)
 ParOldGen       total 480768K, used 480316K [0x00000000c0000000, 0x00000000dd580000, 0x00000000eab00000)
  object space 480768K, 99% used [0x00000000c0000000,0x00000000dd50f2e0,0x00000000dd580000)
 Metaspace       used 101379K, committed 102720K, reserved 1146880K
  class space    used 9774K, committed 10368K, reserved 1048576K
GC Heap History (20 events):
Event: 6362.607 GC heap after
{Heap after GC invocations=21193 (full 437):
 PSYoungGen      total 17408K, used 1001K [0x00000000eab00000, 0x00000000ec000000, 0x0000000100000000)
  eden space 16384K, 0% used [0x00000000eab00000,0x00000000eab00000,0x00000000ebb00000)
  from space 1024K, 97% used [0x00000000ebe80000,0x00000000ebf7a400,0x00000000ebf80000)
  to   space 2560K, 0% used [0x00000000ebb00000,0x00000000ebb00000,0x00000000ebd80000)
 ParOldGen       total 480768K, used 471226K [0x00000000c0000000, 0x00000000dd580000, 0x00000000eab00000)
  object space 480768K, 98% used [0x00000000c0000000,0x00000000dcc2e9c0,0x00000000dd580000)
 Metaspace       used 101379K, committed 102720K, reserved 1146880K
  class space    used 9774K, committed 10368K, reserved 1048576K
}
Event: 6362.651 GC heap before
{Heap before GC invocations=21194 (full 437):
 PSYoungGen      total 17408K, used 17385K [0x00000000eab00000, 0x00000000ec000000, 0x0000000100000000)
  eden space 16384K, 100% used [0x00000000eab00000,0x00000000ebb00000,0x00000000ebb00000)
  from space 1024K, 97% used [0x00000000ebe80000,0x00000000ebf7a400,0x00000000ebf80000)
  to   space 2560K, 0% used [0x00000000ebb00000,0x00000000ebb00000,0x00000000ebd80000)
 ParOldGen       total 480768K, used 471226K [0x00000000c0000000, 0x00000000dd580000, 0x00000000eab00000)
  object space 480768K, 98% used [0x00000000c0000000,0x00000000dcc2e9c0,0x00000000dd580000)
 Metaspace       used 101379K, committed 102720K, reserved 1146880K
  class space    used 9774K, committed 10368K, reserved 1048576K
}
Event: 6362.654 GC heap after
{Heap after GC invocations=21194 (full 437):
 PSYoungGen      total 18944K, used 1076K [0x00000000eab00000, 0x00000000ebf00000, 0x0000000100000000)
  eden space 16384K, 0% used [0x00000000eab00000,0x00000000eab00000,0x00000000ebb00000)
  from space 2560K, 42% used [0x00000000ebb00000,0x00000000ebc0d200,0x00000000ebd80000)
  to   space 1536K, 0% used [0x00000000ebd80000,0x00000000ebd80000,0x00000000ebf00000)
 ParOldGen       total 480768K, used 472247K [0x00000000c0000000, 0x00000000dd580000, 0x00000000eab00000)
  object space 480768K, 98% used [0x00000000c0000000,0x00000000dcd2de58,0x00000000dd580000)
 Metaspace       used 101379K, committed 102720K, reserved 1146880K
  class space    used 9774K, committed 10368K, reserved 1048576K
}
Event: 6362.690 GC heap before
{Heap before GC invocations=21195 (full 437):
 PSYoungGen      total 18944K, used 17460K [0x00000000eab00000, 0x00000000ebf00000, 0x0000000100000000)
  eden space 16384K, 100% used [0x00000000eab00000,0x00000000ebb00000,0x00000000ebb00000)
  from space 2560K, 42% used [0x00000000ebb00000,0x00000000ebc0d200,0x00000000ebd80000)
  to   space 1536K, 0% used [0x00000000ebd80000,0x00000000ebd80000,0x00000000ebf00000)
 ParOldGen       total 480768K, used 472247K [0x00000000c0000000, 0x00000000dd580000, 0x00000000eab00000)
  object space 480768K, 98% used [0x00000000c0000000,0x00000000dcd2de58,0x00000000dd580000)
 Metaspace       used 101379K, committed 102720K, reserved 1146880K
  class space    used 9774K, committed 10368K, reserved 1048576K
}
Event: 6362.695 GC heap after
{Heap after GC invocations=21195 (full 437):
 PSYoungGen      total 17920K, used 1044K [0x00000000eab00000, 0x00000000ebf00000, 0x0000000100000000)
  eden space 16384K, 0% used [0x00000000eab00000,0x00000000eab00000,0x00000000ebb00000)
  from space 1536K, 68% used [0x00000000ebd80000,0x00000000ebe85200,0x00000000ebf00000)
  to   space 1536K, 0% used [0x00000000ebc00000,0x00000000ebc00000,0x00000000ebd80000)
 ParOldGen       total 480768K, used 473292K [0x00000000c0000000, 0x00000000dd580000, 0x00000000eab00000)
  object space 480768K, 98% used [0x00000000c0000000,0x00000000dce33078,0x00000000dd580000)
 Metaspace       used 101379K, committed 102720K, reserved 1146880K
  class space    used 9774K, committed 10368K, reserved 1048576K
}
Event: 6363.373 GC heap before
{Heap before GC invocations=21196 (full 437):
 PSYoungGen      total 17920K, used 17428K [0x00000000eab00000, 0x00000000ebf00000, 0x0000000100000000)
  eden space 16384K, 99% used [0x00000000eab00000,0x00000000ebaffff0,0x00000000ebb00000)
  from space 1536K, 68% used [0x00000000ebd80000,0x00000000ebe85200,0x00000000ebf00000)
  to   space 1536K, 0% used [0x00000000ebc00000,0x00000000ebc00000,0x00000000ebd80000)
 ParOldGen       total 480768K, used 473292K [0x00000000c0000000, 0x00000000dd580000, 0x00000000eab00000)
  object space 480768K, 98% used [0x00000000c0000000,0x00000000dce33078,0x00000000dd580000)
 Metaspace       used 101379K, committed 102720K, reserved 1146880K
  class space    used 9774K, committed 10368K, reserved 1048576K
}
Event: 6363.376 GC heap after
{Heap after GC invocations=21196 (full 437):
 PSYoungGen      total 17920K, used 1108K [0x00000000eab00000, 0x00000000ebe00000, 0x0000000100000000)
  eden space 16384K, 0% used [0x00000000eab00000,0x00000000eab00000,0x00000000ebb00000)
  from space 1536K, 72% used [0x00000000ebc00000,0x00000000ebd15200,0x00000000ebd80000)
  to   space 512K, 0% used [0x00000000ebd80000,0x00000000ebd80000,0x00000000ebe00000)
 ParOldGen       total 480768K, used 474280K [0x00000000c0000000, 0x00000000dd580000, 0x00000000eab00000)
  object space 480768K, 98% used [0x00000000c0000000,0x00000000dcf2a278,0x00000000dd580000)
 Metaspace       used 101379K, committed 102720K, reserved 1146880K
  class space    used 9774K, committed 10368K, reserved 1048576K
}
Event: 6363.442 GC heap before
{Heap before GC invocations=21197 (full 437):
 PSYoungGen      total 17920K, used 17492K [0x00000000eab00000, 0x00000000ebe00000, 0x0000000100000000)
  eden space 16384K, 100% used [0x00000000eab00000,0x00000000ebb00000,0x00000000ebb00000)
  from space 1536K, 72% used [0x00000000ebc00000,0x00000000ebd15200,0x00000000ebd80000)
  to   space 512K, 0% used [0x00000000ebd80000,0x00000000ebd80000,0x00000000ebe00000)
 ParOldGen       total 480768K, used 474280K [0x00000000c0000000, 0x00000000dd580000, 0x00000000eab00000)
  object space 480768K, 98% used [0x00000000c0000000,0x00000000dcf2a278,0x00000000dd580000)
 Metaspace       used 101379K, committed 102720K, reserved 1146880K
  class space    used 9774K, committed 10368K, reserved 1048576K
}
Event: 6363.445 GC heap after
{Heap after GC invocations=21197 (full 437):
 PSYoungGen      total 16896K, used 512K [0x00000000eab00000, 0x00000000ec000000, 0x0000000100000000)
  eden space 16384K, 0% used [0x00000000eab00000,0x00000000eab00000,0x00000000ebb00000)
  from space 512K, 100% used [0x00000000ebd80000,0x00000000ebe00000,0x00000000ebe00000)
  to   space 2560K, 0% used [0x00000000ebb00000,0x00000000ebb00000,0x00000000ebd80000)
 ParOldGen       total 480768K, used 476106K [0x00000000c0000000, 0x00000000dd580000, 0x00000000eab00000)
  object space 480768K, 99% used [0x00000000c0000000,0x00000000dd0f28c8,0x00000000dd580000)
 Metaspace       used 101379K, committed 102720K, reserved 1146880K
  class space    used 9774K, committed 10368K, reserved 1048576K
}
Event: 6363.593 GC heap before
{Heap before GC invocations=21198 (full 437):
 PSYoungGen      total 16896K, used 16896K [0x00000000eab00000, 0x00000000ec000000, 0x0000000100000000)
  eden space 16384K, 100% used [0x00000000eab00000,0x00000000ebb00000,0x00000000ebb00000)
  from space 512K, 100% used [0x00000000ebd80000,0x00000000ebe00000,0x00000000ebe00000)
  to   space 2560K, 0% used [0x00000000ebb00000,0x00000000ebb00000,0x00000000ebd80000)
 ParOldGen       total 480768K, used 476106K [0x00000000c0000000, 0x00000000dd580000, 0x00000000eab00000)
  object space 480768K, 99% used [0x00000000c0000000,0x00000000dd0f28c8,0x00000000dd580000)
 Metaspace       used 101379K, committed 102720K, reserved 1146880K
  class space    used 9774K, committed 10368K, reserved 1048576K
}
Event: 6363.595 GC heap after
{Heap after GC invocations=21198 (full 437):
 PSYoungGen      total 17408K, used 928K [0x00000000eab00000, 0x00000000ebe00000, 0x0000000100000000)
  eden space 16384K, 0% used [0x00000000eab00000,0x00000000eab00000,0x00000000ebb00000)
  from space 1024K, 90% used [0x00000000ebb00000,0x00000000ebbe8000,0x00000000ebc00000)
  to   space 1536K, 0% used [0x00000000ebc80000,0x00000000ebc80000,0x00000000ebe00000)
 ParOldGen       total 480768K, used 476639K [0x00000000c0000000, 0x00000000dd580000, 0x00000000eab00000)
  object space 480768K, 99% used [0x00000000c0000000,0x00000000dd177c20,0x00000000dd580000)
 Metaspace       used 101379K, committed 102720K, reserved 1146880K
  class space    used 9774K, committed 10368K, reserved 1048576K
}
Event: 6363.663 GC heap before
{Heap before GC invocations=21199 (full 437):
 PSYoungGen      total 17408K, used 17312K [0x00000000eab00000, 0x00000000ebe00000, 0x0000000100000000)
  eden space 16384K, 100% used [0x00000000eab00000,0x00000000ebb00000,0x00000000ebb00000)
  from space 1024K, 90% used [0x00000000ebb00000,0x00000000ebbe8000,0x00000000ebc00000)
  to   space 1536K, 0% used [0x00000000ebc80000,0x00000000ebc80000,0x00000000ebe00000)
 ParOldGen       total 480768K, used 476639K [0x00000000c0000000, 0x00000000dd580000, 0x00000000eab00000)
  object space 480768K, 99% used [0x00000000c0000000,0x00000000dd177c20,0x00000000dd580000)
 Metaspace       used 101379K, committed 102720K, reserved 1146880K
  class space    used 9774K, committed 10368K, reserved 1048576K
}
Event: 6363.666 GC heap after
{Heap after GC invocations=21199 (full 437):
 PSYoungGen      total 17920K, used 1338K [0x00000000eab00000, 0x00000000ebe00000, 0x0000000100000000)
  eden space 16384K, 0% used [0x00000000eab00000,0x00000000eab00000,0x00000000ebb00000)
  from space 1536K, 87% used [0x00000000ebc80000,0x00000000ebdce900,0x00000000ebe00000)
  to   space 1536K, 0% used [0x00000000ebb00000,0x00000000ebb00000,0x00000000ebc80000)
 ParOldGen       total 480768K, used 477499K [0x00000000c0000000, 0x00000000dd580000, 0x00000000eab00000)
  object space 480768K, 99% used [0x00000000c0000000,0x00000000dd24ec30,0x00000000dd580000)
 Metaspace       used 101379K, committed 102720K, reserved 1146880K
  class space    used 9774K, committed 10368K, reserved 1048576K
}
Event: 6364.438 GC heap before
{Heap before GC invocations=21200 (full 437):
 PSYoungGen      total 17920K, used 17722K [0x00000000eab00000, 0x00000000ebe00000, 0x0000000100000000)
  eden space 16384K, 100% used [0x00000000eab00000,0x00000000ebb00000,0x00000000ebb00000)
  from space 1536K, 87% used [0x00000000ebc80000,0x00000000ebdce900,0x00000000ebe00000)
  to   space 1536K, 0% used [0x00000000ebb00000,0x00000000ebb00000,0x00000000ebc80000)
 ParOldGen       total 480768K, used 477499K [0x00000000c0000000, 0x00000000dd580000, 0x00000000eab00000)
  object space 480768K, 99% used [0x00000000c0000000,0x00000000dd24ec30,0x00000000dd580000)
 Metaspace       used 101379K, committed 102720K, reserved 1146880K
  class space    used 9774K, committed 10368K, reserved 1048576K
}
Event: 6364.441 GC heap after
{Heap after GC invocations=21200 (full 437):
 PSYoungGen      total 17920K, used 1406K [0x00000000eab00000, 0x00000000ebe00000, 0x0000000100000000)
  eden space 16384K, 0% used [0x00000000eab00000,0x00000000eab00000,0x00000000ebb00000)
  from space 1536K, 91% used [0x00000000ebb00000,0x00000000ebc5fb10,0x00000000ebc80000)
  to   space 1536K, 0% used [0x00000000ebc80000,0x00000000ebc80000,0x00000000ebe00000)
 ParOldGen       total 480768K, used 478735K [0x00000000c0000000, 0x00000000dd580000, 0x00000000eab00000)
  object space 480768K, 99% used [0x00000000c0000000,0x00000000dd383e50,0x00000000dd580000)
 Metaspace       used 101379K, committed 102720K, reserved 1146880K
  class space    used 9774K, committed 10368K, reserved 1048576K
}
Event: 6364.479 GC heap before
{Heap before GC invocations=21201 (full 437):
 PSYoungGen      total 17920K, used 17790K [0x00000000eab00000, 0x00000000ebe00000, 0x0000000100000000)
  eden space 16384K, 100% used [0x00000000eab00000,0x00000000ebb00000,0x00000000ebb00000)
  from space 1536K, 91% used [0x00000000ebb00000,0x00000000ebc5fb10,0x00000000ebc80000)
  to   space 1536K, 0% used [0x00000000ebc80000,0x00000000ebc80000,0x00000000ebe00000)
 ParOldGen       total 480768K, used 478735K [0x00000000c0000000, 0x00000000dd580000, 0x00000000eab00000)
  object space 480768K, 99% used [0x00000000c0000000,0x00000000dd383e50,0x00000000dd580000)
 Metaspace       used 101379K, committed 102720K, reserved 1146880K
  class space    used 9774K, committed 10368K, reserved 1048576K
}
Event: 6364.482 GC heap after
{Heap after GC invocations=21201 (full 437):
 PSYoungGen      total 17408K, used 1513K [0x00000000eab00000, 0x00000000ebf00000, 0x0000000100000000)
  eden space 15872K, 0% used [0x00000000eab00000,0x00000000eab00000,0x00000000eba80000)
  from space 1536K, 98% used [0x00000000ebc80000,0x00000000ebdfa420,0x00000000ebe00000)
  to   space 2048K, 0% used [0x00000000eba80000,0x00000000eba80000,0x00000000ebc80000)
 ParOldGen       total 480768K, used 478783K [0x00000000c0000000, 0x00000000dd580000, 0x00000000eab00000)
  object space 480768K, 99% used [0x00000000c0000000,0x00000000dd38fe50,0x00000000dd580000)
 Metaspace       used 101379K, committed 102720K, reserved 1146880K
  class space    used 9774K, committed 10368K, reserved 1048576K
}
Event: 6364.526 GC heap before
{Heap before GC invocations=21202 (full 437):
 PSYoungGen      total 17408K, used 17385K [0x00000000eab00000, 0x00000000ebf00000, 0x0000000100000000)
  eden space 15872K, 100% used [0x00000000eab00000,0x00000000eba80000,0x00000000eba80000)
  from space 1536K, 98% used [0x00000000ebc80000,0x00000000ebdfa420,0x00000000ebe00000)
  to   space 2048K, 0% used [0x00000000eba80000,0x00000000eba80000,0x00000000ebc80000)
 ParOldGen       total 480768K, used 478783K [0x00000000c0000000, 0x00000000dd580000, 0x00000000eab00000)
  object space 480768K, 99% used [0x00000000c0000000,0x00000000dd38fe50,0x00000000dd580000)
 Metaspace       used 101379K, committed 102720K, reserved 1146880K
  class space    used 9774K, committed 10368K, reserved 1048576K
}
Event: 6364.531 GC heap after
{Heap after GC invocations=21202 (full 437):
 PSYoungGen      total 16896K, used 954K [0x00000000eab00000, 0x00000000ebd80000, 0x0000000100000000)
  eden space 15872K, 0% used [0x00000000eab00000,0x00000000eab00000,0x00000000eba80000)
  from space 1024K, 93% used [0x00000000eba80000,0x00000000ebb6e900,0x00000000ebb80000)
  to   space 1536K, 0% used [0x00000000ebc00000,0x00000000ebc00000,0x00000000ebd80000)
 ParOldGen       total 480768K, used 480316K [0x00000000c0000000, 0x00000000dd580000, 0x00000000eab00000)
  object space 480768K, 99% used [0x00000000c0000000,0x00000000dd50f2e0,0x00000000dd580000)
 Metaspace       used 101379K, committed 102720K, reserved 1146880K
  class space    used 9774K, committed 10368K, reserved 1048576K
}
Event: 6364.531 GC heap before
{Heap before GC invocations=21203 (full 438):
 PSYoungGen      total 16896K, used 954K [0x00000000eab00000, 0x00000000ebd80000, 0x0000000100000000)
  eden space 15872K, 0% used [0x00000000eab00000,0x00000000eab00000,0x00000000eba80000)
  from space 1024K, 93% used [0x00000000eba80000,0x00000000ebb6e900,0x00000000ebb80000)
  to   space 1536K, 0% used [0x00000000ebc00000,0x00000000ebc00000,0x00000000ebd80000)
 ParOldGen       total 480768K, used 480316K [0x00000000c0000000, 0x00000000dd580000, 0x00000000eab00000)
  object space 480768K, 99% used [0x00000000c0000000,0x00000000dd50f2e0,0x00000000dd580000)
 Metaspace       used 101379K, committed 102720K, reserved 1146880K
  class space    used 9774K, committed 10368K, reserved 1048576K
}

